Test project C:/Users/Spark/Desktop/apps/cppprojects/ci_helloworld/build
    Start 1: test_main
1/3 Test #1: test_main ........................   Passed    0.01 sec
    Start 2: test_producer
2/3 Test #2: test_producer ....................   Passed    0.01 sec
    Start 3: test_consumer
3/3 Test #3: test_consumer ....................   Passed    0.01 sec

100% tests passed, 0 tests failed out of 3

Total Test time (real) =   0.05 sec
